
Showing logs for build [32mcb-kubecd-environment-bootv3-st-qbkwh-1[0m stage [32mpr-checks[0m and container [32mstep-credential-initializer-mh6tg[0m
{"level":"warn","ts":1586506873.067718,"logger":"fallback-logger","caller":"logging/config.go:69","msg":"Fetch GitHub commit ID from kodata failed: \"ref: refs/heads/0.8.0-**-support-backwards-incompats\" is not a valid GitHub commit ID"}
{"level":"info","ts":1586506873.0682607,"logger":"fallback-logger","caller":"creds-init/main.go:40","msg":"Credentials initialized."}

Showing logs for build [32mcb-kubecd-environment-bootv3-st-qbkwh-1[0m stage [32mpr-checks[0m and container [32mstep-working-dir-initializer-tvg99[0m
{"level":"warn","ts":1586506874.0245187,"logger":"fallback-logger","caller":"logging/config.go:69","msg":"Fetch GitHub commit ID from kodata failed: open /var/run/ko/HEAD: no such file or directory"}
{"level":"info","ts":1586506874.0256317,"logger":"fallback-logger","caller":"bash/main.go:64","msg":"Successfully executed command \"sh -c mkdir -p /workspace/source\"; output "}

Showing logs for build [32mcb-kubecd-environment-bootv3-st-qbkwh-1[0m stage [32mpr-checks[0m and container [32mstep-place-tools[0m

Showing logs for build [32mcb-kubecd-environment-bootv3-st-qbkwh-1[0m stage [32mpr-checks[0m and container [32mstep-git-source-cb-kubecd-environment-bootv3-st-qbkwh-f8n94[0m
{"level":"warn","ts":1586506880.1591132,"logger":"fallback-logger","caller":"logging/config.go:69","msg":"Fetch GitHub commit ID from kodata failed: \"ref: refs/heads/0.8.0-**-support-backwards-incompats\" is not a valid GitHub commit ID"}
{"level":"info","ts":1586506881.1956909,"logger":"fallback-logger","caller":"git/git.go:103","msg":"Successfully cloned https://github.com/cb-kubecd/environment-bootv3-staging.git @ master in path /workspace/source"}

Showing logs for build [32mcb-kubecd-environment-bootv3-st-qbkwh-1[0m stage [32mpr-checks[0m and container [32mstep-git-merge[0m
Using SHAs from PULL_REFS=master:015d8f8da57ed9ec57c19c4c9140f378f4beab0b,6:01e1976f65043268c5f9993e75aa7bcdde0e8b5a
DEBUG: LC_ALL=C JX_LOG_LEVEL=error git fetch origin --unshallow 01e1976f65043268c5f9993e75aa7bcdde0e8b5a: 015d8f8da57ed9ec57c19c4c9140f378f4beab0b:
DEBUG: ran git fetch --unshallow origin 01e1976f65043268c5f9993e75aa7bcdde0e8b5a: 015d8f8da57ed9ec57c19c4c9140f378f4beab0b: in 
DEBUG: LC_ALL=C JX_LOG_LEVEL=error git branch
DEBUG: LC_ALL=C JX_LOG_LEVEL=error git checkout master
DEBUG: ran git checkout master in 
DEBUG: LC_ALL=C JX_LOG_LEVEL=error git reset --hard 015d8f8da57ed9ec57c19c4c9140f378f4beab0b
DEBUG: ran git reset --hard 015d8f8da57ed9ec57c19c4c9140f378f4beab0b in 
DEBUG: LC_ALL=C JX_LOG_LEVEL=error git clean -fd .
DEBUG: ran clean --force -d . in 
DEBUG: JX_LOG_LEVEL=error LC_ALL=C git merge 01e1976f65043268c5f9993e75aa7bcdde0e8b5a
DEBUG: ran git merge 01e1976f65043268c5f9993e75aa7bcdde0e8b5a in 
DEBUG: LC_ALL=C JX_LOG_LEVEL=error git log --format=%H%x1f%an%x1f%ae%x1f%cn%x1f%ce%x1f%s%n%b%x1e 015d8f8da57ed9ec57c19c4c9140f378f4beab0b..HEAD
Merged SHA 01e1976f65043268c5f9993e75aa7bcdde0e8b5a with commit message 'chore: Promote v2-nodey3 to version 0.0.3' into base branch master

Showing logs for build [32mcb-kubecd-environment-bootv3-st-qbkwh-1[0m stage [32mpr-checks[0m and container [32mstep-verify-secrets[0m
created directory /secrets/**-boot
loaded Secrets from: local in namespace ** with Secret **-boot-secrets
exported Secrets to file: /secrets/**-boot/secrets.yaml

Showing logs for build [32mcb-kubecd-environment-bootv3-st-qbkwh-1[0m stage [32mpr-checks[0m and container [32mstep-create-helmfile[0m

Showing logs for build [32mcb-kubecd-environment-bootv3-st-qbkwh-1[0m stage [32mpr-checks[0m and container [32mstep-lint-helmfile-system[0m
Adding repo dev http://chartmuseum-**.35.205.96.40.nip.io
"dev" has been added to your repositories

Adding repo stable https://kubernetes-charts.storage.googleapis.com
"stable" has been added to your repositories

Updating repo
Hang tight while we grab the latest from your chart repositories...
...Successfully got an update from the "dev" chart repository
...Successfully got an update from the "stable" chart repository
Update Complete. âˆ Happy Helming!âˆ 

Fetching stable/nginx-ingress
Linting release=nginx-ingress, chart=/tmp/756983703/nginx-ingress/1.34.2/stable/nginx-ingress/nginx-ingress
==> Linting /tmp/756983703/nginx-ingress/1.34.2/stable/nginx-ingress/nginx-ingress

1 chart(s) linted, 0 chart(s) failed


Showing logs for build [32mcb-kubecd-environment-bootv3-st-qbkwh-1[0m stage [32mpr-checks[0m and container [32mstep-lint-helmfile-apps[0m
Adding repo dev http://chartmuseum-**.35.205.96.40.nip.io
"dev" has been added to your repositories

Adding repo jenkins-x https://storage.googleapis.com/chartmuseum.jenkins-x.io
"jenkins-x" has been added to your repositories

Adding repo jenkins-x http://chartmuseum.jenkins-x.io
"jenkins-x" has been added to your repositories

Updating repo
Hang tight while we grab the latest from your chart repositories...
...Successfully got an update from the "dev" chart repository
...Successfully got an update from the "jenkins-x" chart repository
...Successfully got an update from the "stable" chart repository
Update Complete. âˆ Happy Helming!âˆ 

Fetching jenkins-x/**boot-helmfile-resources
Fetching jenkins-x/tekton
Fetching dev/v2-nodey3
Fetching jenkins-x/lighthouse
Fetching dev/v2-nodey
Linting release=**boot-helmfile-resources, chart=/tmp/211460016/**boot-helmfile-resources/0.0.127/jenkins-x/**boot-helmfile-resources/**boot-helmfile-resources
==> Linting /tmp/211460016/**boot-helmfile-resources/0.0.127/jenkins-x/**boot-helmfile-resources/**boot-helmfile-resources

1 chart(s) linted, 0 chart(s) failed

Linting release=lighthouse, chart=/tmp/211460016/lighthouse/0.0.493/jenkins-x/lighthouse/lighthouse
==> Linting /tmp/211460016/lighthouse/0.0.493/jenkins-x/lighthouse/lighthouse

1 chart(s) linted, 0 chart(s) failed

Linting release=tekton, chart=/tmp/211460016/tekton/0.0.51/jenkins-x/tekton/tekton
==> Linting /tmp/211460016/tekton/0.0.51/jenkins-x/tekton/tekton

1 chart(s) linted, 0 chart(s) failed

Linting release=v2-nodey, chart=/tmp/211460016/v2-nodey/0.0.8/dev/v2-nodey/v2-nodey
==> Linting /tmp/211460016/v2-nodey/0.0.8/dev/v2-nodey/v2-nodey

1 chart(s) linted, 0 chart(s) failed

Linting release=v2-nodey3, chart=/tmp/211460016/v2-nodey3/0.0.2/dev/v2-nodey3/v2-nodey3
==> Linting /tmp/211460016/v2-nodey3/0.0.2/dev/v2-nodey3/v2-nodey3

1 chart(s) linted, 0 chart(s) failed

