
Showing logs for build [32mcb-kubecd-environment-bootv3-st-qnksv-1[0m stage [32mpr-checks[0m and container [32mstep-credential-initializer-bcxzf[0m
{"level":"warn","ts":1586848986.364342,"logger":"fallback-logger","caller":"logging/config.go:69","msg":"Fetch GitHub commit ID from kodata failed: \"ref: refs/heads/0.8.0-jx-support-backwards-incompats\" is not a valid GitHub commit ID"}
{"level":"info","ts":1586848986.3650525,"logger":"fallback-logger","caller":"creds-init/main.go:40","msg":"Credentials initialized."}

Showing logs for build [32mcb-kubecd-environment-bootv3-st-qnksv-1[0m stage [32mpr-checks[0m and container [32mstep-working-dir-initializer-gzqfv[0m
{"level":"warn","ts":1586848986.8535502,"logger":"fallback-logger","caller":"logging/config.go:69","msg":"Fetch GitHub commit ID from kodata failed: open /var/run/ko/HEAD: no such file or directory"}
{"level":"info","ts":1586848986.8546932,"logger":"fallback-logger","caller":"bash/main.go:64","msg":"Successfully executed command \"sh -c mkdir -p /workspace/source\"; output "}

Showing logs for build [32mcb-kubecd-environment-bootv3-st-qnksv-1[0m stage [32mpr-checks[0m and container [32mstep-place-tools[0m

Showing logs for build [32mcb-kubecd-environment-bootv3-st-qnksv-1[0m stage [32mpr-checks[0m and container [32mstep-git-source-cb-kubecd-environment-bootv3-st-qnksv-qxcqt[0m
{"level":"warn","ts":1586848992.9625525,"logger":"fallback-logger","caller":"logging/config.go:69","msg":"Fetch GitHub commit ID from kodata failed: \"ref: refs/heads/0.8.0-jx-support-backwards-incompats\" is not a valid GitHub commit ID"}
{"level":"info","ts":1586848994.0792134,"logger":"fallback-logger","caller":"git/git.go:103","msg":"Successfully cloned https://github.com/cb-kubecd/environment-bootv3-staging.git @ master in path /workspace/source"}

Showing logs for build [32mcb-kubecd-environment-bootv3-st-qnksv-1[0m stage [32mpr-checks[0m and container [32mstep-git-merge[0m
Using SHAs from PULL_REFS=master:b56fc52707727380aad6c30a610c44748159f956,7:cec9056d3bdaf1b2b37b873892a0cd3ad57e28c4
DEBUG: JX_LOG_LEVEL=error LC_ALL=C git fetch origin --unshallow cec9056d3bdaf1b2b37b873892a0cd3ad57e28c4: b56fc52707727380aad6c30a610c44748159f956:
DEBUG: ran git fetch --unshallow origin cec9056d3bdaf1b2b37b873892a0cd3ad57e28c4: b56fc52707727380aad6c30a610c44748159f956: in 
DEBUG: LC_ALL=C JX_LOG_LEVEL=error git branch
DEBUG: LC_ALL=C JX_LOG_LEVEL=error git checkout master
DEBUG: ran git checkout master in 
DEBUG: LC_ALL=C JX_LOG_LEVEL=error git reset --hard b56fc52707727380aad6c30a610c44748159f956
DEBUG: ran git reset --hard b56fc52707727380aad6c30a610c44748159f956 in 
DEBUG: LC_ALL=C JX_LOG_LEVEL=error git clean -fd .
DEBUG: ran clean --force -d . in 
DEBUG: LC_ALL=C JX_LOG_LEVEL=error git merge cec9056d3bdaf1b2b37b873892a0cd3ad57e28c4
DEBUG: ran git merge cec9056d3bdaf1b2b37b873892a0cd3ad57e28c4 in 
DEBUG: LC_ALL=C JX_LOG_LEVEL=error git log --format=%H%x1f%an%x1f%ae%x1f%cn%x1f%ce%x1f%s%n%b%x1e b56fc52707727380aad6c30a610c44748159f956..HEAD
Merged SHA cec9056d3bdaf1b2b37b873892a0cd3ad57e28c4 with commit message 'chore: Promote v2-nodey3 to version 0.0.4' into base branch master

Showing logs for build [32mcb-kubecd-environment-bootv3-st-qnksv-1[0m stage [32mpr-checks[0m and container [32mstep-verify-secrets[0m
created directory /secrets/jx-boot
saved vault cert file to /tmp/094799370/vault-ca.crt
loaded Secrets from: Vault Secret Manager for vault vault at https://vault:8200
exported Secrets to file: /secrets/jx-boot/secrets.yaml

Showing logs for build [32mcb-kubecd-environment-bootv3-st-qnksv-1[0m stage [32mpr-checks[0m and container [32mstep-create-helmfile[0m

Showing logs for build [32mcb-kubecd-environment-bootv3-st-qnksv-1[0m stage [32mpr-checks[0m and container [32mstep-lint-helmfile-system[0m
Adding repo dev http://chartmuseum-jx.35.205.96.40.nip.io
"dev" has been added to your repositories

Adding repo stable https://kubernetes-charts.storage.googleapis.com
"stable" has been added to your repositories

Updating repo
Hang tight while we grab the latest from your chart repositories...
...Successfully got an update from the "dev" chart repository
...Successfully got an update from the "stable" chart repository
Update Complete. âˆ Happy Helming!âˆ 

Fetching stable/nginx-ingress
Linting release=nginx-ingress, chart=/tmp/524905001/nginx-ingress/1.34.2/stable/nginx-ingress/nginx-ingress
==> Linting /tmp/524905001/nginx-ingress/1.34.2/stable/nginx-ingress/nginx-ingress

1 chart(s) linted, 0 chart(s) failed


Showing logs for build [32mcb-kubecd-environment-bootv3-st-qnksv-1[0m stage [32mpr-checks[0m and container [32mstep-lint-helmfile-apps[0m
Adding repo dev http://chartmuseum-jx.35.205.96.40.nip.io
"dev" has been added to your repositories

Adding repo jenkins-x https://storage.googleapis.com/chartmuseum.jenkins-x.io
"jenkins-x" has been added to your repositories

Adding repo jenkins-x http://chartmuseum.jenkins-x.io
"jenkins-x" has been added to your repositories

Updating repo
Hang tight while we grab the latest from your chart repositories...
...Successfully got an update from the "dev" chart repository
...Successfully got an update from the "stable" chart repository
...Successfully got an update from the "jenkins-x" chart repository
Update Complete. âˆ Happy Helming!âˆ 

Fetching jenkins-x/jxboot-helmfile-resources
Fetching jenkins-x/tekton
Fetching dev/v2-nodey
Fetching dev/v2-nodey3
Fetching jenkins-x/lighthouse
Linting release=jxboot-helmfile-resources, chart=/tmp/566768923/jxboot-helmfile-resources/0.0.127/jenkins-x/jxboot-helmfile-resources/jxboot-helmfile-resources
==> Linting /tmp/566768923/jxboot-helmfile-resources/0.0.127/jenkins-x/jxboot-helmfile-resources/jxboot-helmfile-resources

1 chart(s) linted, 0 chart(s) failed

Linting release=lighthouse, chart=/tmp/566768923/lighthouse/0.0.493/jenkins-x/lighthouse/lighthouse
==> Linting /tmp/566768923/lighthouse/0.0.493/jenkins-x/lighthouse/lighthouse

1 chart(s) linted, 0 chart(s) failed

Linting release=tekton, chart=/tmp/566768923/tekton/0.0.51/jenkins-x/tekton/tekton
==> Linting /tmp/566768923/tekton/0.0.51/jenkins-x/tekton/tekton

1 chart(s) linted, 0 chart(s) failed

Linting release=v2-nodey, chart=/tmp/566768923/v2-nodey/0.0.8/dev/v2-nodey/v2-nodey
==> Linting /tmp/566768923/v2-nodey/0.0.8/dev/v2-nodey/v2-nodey

1 chart(s) linted, 0 chart(s) failed

Linting release=v2-nodey3, chart=/tmp/566768923/v2-nodey3/0.0.4/dev/v2-nodey3/v2-nodey3
==> Linting /tmp/566768923/v2-nodey3/0.0.4/dev/v2-nodey3/v2-nodey3

1 chart(s) linted, 0 chart(s) failed

