
Showing logs for build [32mcb-kubecd-environment-bootv3-st-s4glz-1[0m stage [32mpr-checks[0m and container [32mstep-credential-initializer-6xwlx[0m
{"level":"warn","ts":1586506717.2883656,"logger":"fallback-logger","caller":"logging/config.go:69","msg":"Fetch GitHub commit ID from kodata failed: \"ref: refs/heads/0.8.0-**-support-backwards-incompats\" is not a valid GitHub commit ID"}
{"level":"info","ts":1586506717.288916,"logger":"fallback-logger","caller":"creds-init/main.go:40","msg":"Credentials initialized."}

Showing logs for build [32mcb-kubecd-environment-bootv3-st-s4glz-1[0m stage [32mpr-checks[0m and container [32mstep-working-dir-initializer-44q9r[0m
{"level":"warn","ts":1586506718.23843,"logger":"fallback-logger","caller":"logging/config.go:69","msg":"Fetch GitHub commit ID from kodata failed: open /var/run/ko/HEAD: no such file or directory"}
{"level":"info","ts":1586506718.2394397,"logger":"fallback-logger","caller":"bash/main.go:64","msg":"Successfully executed command \"sh -c mkdir -p /workspace/source\"; output "}

Showing logs for build [32mcb-kubecd-environment-bootv3-st-s4glz-1[0m stage [32mpr-checks[0m and container [32mstep-place-tools[0m

Showing logs for build [32mcb-kubecd-environment-bootv3-st-s4glz-1[0m stage [32mpr-checks[0m and container [32mstep-git-source-cb-kubecd-environment-bootv3-st-s4glz-xnpz4[0m
{"level":"warn","ts":1586506723.3446474,"logger":"fallback-logger","caller":"logging/config.go:69","msg":"Fetch GitHub commit ID from kodata failed: \"ref: refs/heads/0.8.0-**-support-backwards-incompats\" is not a valid GitHub commit ID"}
{"level":"info","ts":1586506724.386859,"logger":"fallback-logger","caller":"git/git.go:103","msg":"Successfully cloned https://github.com/cb-kubecd/environment-bootv3-staging.git @ master in path /workspace/source"}

Showing logs for build [32mcb-kubecd-environment-bootv3-st-s4glz-1[0m stage [32mpr-checks[0m and container [32mstep-git-merge[0m
Using SHAs from PULL_REFS=master:0a7929cc121a40987c92db1105e1cbba7796c025,5:af6830505d43c67b1d39aa80ae187a7bc836d6a0
DEBUG: LC_ALL=C JX_LOG_LEVEL=error git fetch origin --unshallow af6830505d43c67b1d39aa80ae187a7bc836d6a0: 0a7929cc121a40987c92db1105e1cbba7796c025:
DEBUG: ran git fetch --unshallow origin af6830505d43c67b1d39aa80ae187a7bc836d6a0: 0a7929cc121a40987c92db1105e1cbba7796c025: in 
DEBUG: LC_ALL=C JX_LOG_LEVEL=error git branch
DEBUG: LC_ALL=C JX_LOG_LEVEL=error git checkout master
DEBUG: ran git checkout master in 
DEBUG: LC_ALL=C JX_LOG_LEVEL=error git reset --hard 0a7929cc121a40987c92db1105e1cbba7796c025
DEBUG: ran git reset --hard 0a7929cc121a40987c92db1105e1cbba7796c025 in 
DEBUG: LC_ALL=C JX_LOG_LEVEL=error git clean -fd .
DEBUG: ran clean --force -d . in 
DEBUG: LC_ALL=C JX_LOG_LEVEL=error git merge af6830505d43c67b1d39aa80ae187a7bc836d6a0
DEBUG: ran git merge af6830505d43c67b1d39aa80ae187a7bc836d6a0 in 
DEBUG: LC_ALL=C JX_LOG_LEVEL=error git log --format=%H%x1f%an%x1f%ae%x1f%cn%x1f%ce%x1f%s%n%b%x1e 0a7929cc121a40987c92db1105e1cbba7796c025..HEAD
Merged SHA af6830505d43c67b1d39aa80ae187a7bc836d6a0 with commit message 'chore: Promote v2-nodey3 to version 0.0.2' into base branch master

Showing logs for build [32mcb-kubecd-environment-bootv3-st-s4glz-1[0m stage [32mpr-checks[0m and container [32mstep-verify-secrets[0m
created directory /secrets/**-boot
loaded Secrets from: local in namespace ** with Secret **-boot-secrets
exported Secrets to file: /secrets/**-boot/secrets.yaml

Showing logs for build [32mcb-kubecd-environment-bootv3-st-s4glz-1[0m stage [32mpr-checks[0m and container [32mstep-create-helmfile[0m

Showing logs for build [32mcb-kubecd-environment-bootv3-st-s4glz-1[0m stage [32mpr-checks[0m and container [32mstep-lint-helmfile-system[0m
Adding repo dev http://chartmuseum-**.35.205.96.40.nip.io
"dev" has been added to your repositories

Adding repo stable https://kubernetes-charts.storage.googleapis.com
"stable" has been added to your repositories

Updating repo
Hang tight while we grab the latest from your chart repositories...
...Successfully got an update from the "dev" chart repository
...Successfully got an update from the "stable" chart repository
Update Complete. âˆ Happy Helming!âˆ 

Fetching stable/nginx-ingress
Linting release=nginx-ingress, chart=/tmp/752175022/nginx-ingress/1.34.2/stable/nginx-ingress/nginx-ingress
==> Linting /tmp/752175022/nginx-ingress/1.34.2/stable/nginx-ingress/nginx-ingress

1 chart(s) linted, 0 chart(s) failed


Showing logs for build [32mcb-kubecd-environment-bootv3-st-s4glz-1[0m stage [32mpr-checks[0m and container [32mstep-lint-helmfile-apps[0m
Adding repo dev http://chartmuseum-**.35.205.96.40.nip.io
"dev" has been added to your repositories

Adding repo jenkins-x http://chartmuseum.jenkins-x.io
"jenkins-x" has been added to your repositories

Adding repo jenkins-x https://storage.googleapis.com/chartmuseum.jenkins-x.io
"jenkins-x" has been added to your repositories

Updating repo
Hang tight while we grab the latest from your chart repositories...
...Successfully got an update from the "dev" chart repository
...Successfully got an update from the "stable" chart repository
...Successfully got an update from the "jenkins-x" chart repository
Update Complete. âˆ Happy Helming!âˆ 

Fetching jenkins-x/**boot-helmfile-resources
Fetching dev/v2-nodey3
Fetching jenkins-x/tekton
Fetching jenkins-x/lighthouse
Fetching dev/v2-nodey
Linting release=**boot-helmfile-resources, chart=/tmp/276252662/**boot-helmfile-resources/0.0.127/jenkins-x/**boot-helmfile-resources/**boot-helmfile-resources
==> Linting /tmp/276252662/**boot-helmfile-resources/0.0.127/jenkins-x/**boot-helmfile-resources/**boot-helmfile-resources

1 chart(s) linted, 0 chart(s) failed

Linting release=lighthouse, chart=/tmp/276252662/lighthouse/0.0.493/jenkins-x/lighthouse/lighthouse
==> Linting /tmp/276252662/lighthouse/0.0.493/jenkins-x/lighthouse/lighthouse

1 chart(s) linted, 0 chart(s) failed

Linting release=tekton, chart=/tmp/276252662/tekton/0.0.51/jenkins-x/tekton/tekton
==> Linting /tmp/276252662/tekton/0.0.51/jenkins-x/tekton/tekton

1 chart(s) linted, 0 chart(s) failed

Linting release=v2-nodey, chart=/tmp/276252662/v2-nodey/0.0.8/dev/v2-nodey/v2-nodey
==> Linting /tmp/276252662/v2-nodey/0.0.8/dev/v2-nodey/v2-nodey

1 chart(s) linted, 0 chart(s) failed

Linting release=v2-nodey3, chart=/tmp/276252662/v2-nodey3/0.0.2/dev/v2-nodey3/v2-nodey3
==> Linting /tmp/276252662/v2-nodey3/0.0.2/dev/v2-nodey3/v2-nodey3

1 chart(s) linted, 0 chart(s) failed

