
Showing logs for build [32mcb-kubecd-environment-bootv3-st-44phm-1[0m stage [32mpr-checks[0m and container [32mstep-credential-initializer-lgd5s[0m
{"level":"warn","ts":1586409718.6335278,"logger":"fallback-logger","caller":"logging/config.go:69","msg":"Fetch GitHub commit ID from kodata failed: \"ref: refs/heads/0.8.0-**-support-backwards-incompats\" is not a valid GitHub commit ID"}
{"level":"info","ts":1586409718.6348972,"logger":"fallback-logger","caller":"creds-init/main.go:40","msg":"Credentials initialized."}

Showing logs for build [32mcb-kubecd-environment-bootv3-st-44phm-1[0m stage [32mpr-checks[0m and container [32mstep-working-dir-initializer-xq7f7[0m
{"level":"warn","ts":1586409719.0913503,"logger":"fallback-logger","caller":"logging/config.go:69","msg":"Fetch GitHub commit ID from kodata failed: open /var/run/ko/HEAD: no such file or directory"}
{"level":"info","ts":1586409719.097043,"logger":"fallback-logger","caller":"bash/main.go:64","msg":"Successfully executed command \"sh -c mkdir -p /workspace/source\"; output "}

Showing logs for build [32mcb-kubecd-environment-bootv3-st-44phm-1[0m stage [32mpr-checks[0m and container [32mstep-place-tools[0m

Showing logs for build [32mcb-kubecd-environment-bootv3-st-44phm-1[0m stage [32mpr-checks[0m and container [32mstep-git-source-cb-kubecd-environment-bootv3-st-44phm-g9sm5[0m
{"level":"warn","ts":1586409725.1738966,"logger":"fallback-logger","caller":"logging/config.go:69","msg":"Fetch GitHub commit ID from kodata failed: \"ref: refs/heads/0.8.0-**-support-backwards-incompats\" is not a valid GitHub commit ID"}
{"level":"info","ts":1586409726.1717896,"logger":"fallback-logger","caller":"git/git.go:103","msg":"Successfully cloned https://github.com/cb-kubecd/environment-bootv3-staging.git @ master in path /workspace/source"}

Showing logs for build [32mcb-kubecd-environment-bootv3-st-44phm-1[0m stage [32mpr-checks[0m and container [32mstep-git-merge[0m
Using SHAs from PULL_REFS=master:3f19012fedd3daa8ec44f22cb9f30b5f587d2ea5,2:fdd3fceec58e084c0b741e2f271adc4348727ad1
DEBUG: JX_LOG_LEVEL=error LC_ALL=C git fetch origin --unshallow fdd3fceec58e084c0b741e2f271adc4348727ad1: 3f19012fedd3daa8ec44f22cb9f30b5f587d2ea5:
DEBUG: ran git fetch --unshallow origin fdd3fceec58e084c0b741e2f271adc4348727ad1: 3f19012fedd3daa8ec44f22cb9f30b5f587d2ea5: in 
DEBUG: JX_LOG_LEVEL=error LC_ALL=C git branch
DEBUG: LC_ALL=C JX_LOG_LEVEL=error git checkout master
DEBUG: ran git checkout master in 
DEBUG: LC_ALL=C JX_LOG_LEVEL=error git reset --hard 3f19012fedd3daa8ec44f22cb9f30b5f587d2ea5
DEBUG: ran git reset --hard 3f19012fedd3daa8ec44f22cb9f30b5f587d2ea5 in 
DEBUG: JX_LOG_LEVEL=error LC_ALL=C git clean -fd .
DEBUG: ran clean --force -d . in 
DEBUG: LC_ALL=C JX_LOG_LEVEL=error git merge fdd3fceec58e084c0b741e2f271adc4348727ad1
DEBUG: ran git merge fdd3fceec58e084c0b741e2f271adc4348727ad1 in 
DEBUG: LC_ALL=C JX_LOG_LEVEL=error git log --format=%H%x1f%an%x1f%ae%x1f%cn%x1f%ce%x1f%s%n%b%x1e 3f19012fedd3daa8ec44f22cb9f30b5f587d2ea5..HEAD
Merged SHA fdd3fceec58e084c0b741e2f271adc4348727ad1 with commit message 'chore: Promote v2-nodey to version 0.0.4' into base branch master

Showing logs for build [32mcb-kubecd-environment-bootv3-st-44phm-1[0m stage [32mpr-checks[0m and container [32mstep-verify-secrets[0m
created directory /secrets/**-boot
loaded Secrets from: local in namespace ** with Secret **-boot-secrets
exported Secrets to file: /secrets/**-boot/secrets.yaml

Showing logs for build [32mcb-kubecd-environment-bootv3-st-44phm-1[0m stage [32mpr-checks[0m and container [32mstep-create-helmfile[0m

Showing logs for build [32mcb-kubecd-environment-bootv3-st-44phm-1[0m stage [32mpr-checks[0m and container [32mstep-lint-helmfile-system[0m
Adding repo dev http://chartmuseum-**.35.205.96.40.nip.io
"dev" has been added to your repositories

Adding repo stable https://kubernetes-charts.storage.googleapis.com
"stable" has been added to your repositories

Updating repo
Hang tight while we grab the latest from your chart repositories...
...Successfully got an update from the "dev" chart repository
...Successfully got an update from the "stable" chart repository
Update Complete. ⎈ Happy Helming!⎈ 

Fetching stable/nginx-ingress
Linting release=nginx-ingress, chart=/tmp/910892483/nginx-ingress/1.34.2/stable/nginx-ingress/nginx-ingress
==> Linting /tmp/910892483/nginx-ingress/1.34.2/stable/nginx-ingress/nginx-ingress

1 chart(s) linted, 0 chart(s) failed


Showing logs for build [32mcb-kubecd-environment-bootv3-st-44phm-1[0m stage [32mpr-checks[0m and container [32mstep-lint-helmfile-apps[0m
Adding repo dev http://chartmuseum-**.35.205.96.40.nip.io
"dev" has been added to your repositories

Adding repo jenkins-x https://storage.googleapis.com/chartmuseum.jenkins-x.io
"jenkins-x" has been added to your repositories

Adding repo jenkins-x http://chartmuseum.jenkins-x.io
"jenkins-x" has been added to your repositories

Updating repo
Hang tight while we grab the latest from your chart repositories...
...Successfully got an update from the "dev" chart repository
...Successfully got an update from the "jenkins-x" chart repository
...Successfully got an update from the "stable" chart repository
Update Complete. ⎈ Happy Helming!⎈ 

Fetching jenkins-x/**boot-helmfile-resources
Fetching jenkins-x/lighthouse
Fetching jenkins-x/tekton
Fetching dev/v2-nodey
in ./helmfile.yaml: 2 errors:
err 0: helm exited with status 1:
  Error: chart "v2-nodey" matching 0.0.4 not found in dev index. (try 'helm repo update'): no chart version found for v2-nodey-0.0.4
[31m
Pipeline failed on stage 'pr-checks' : container 'step-lint-helmfile-apps'. The execution of the pipeline has stopped.[0m
