
Showing logs for build [32mmeta-cb-kubecd-environment-boot-j56st-18[0m stage [32mmeta-pipeline[0m and container [32mstep-credential-initializer-ms7nh[0m
{"level":"warn","ts":1586939539.6899483,"logger":"fallback-logger","caller":"logging/config.go:69","msg":"Fetch GitHub commit ID from kodata failed: \"ref: refs/heads/0.8.0-jx-support-backwards-incompats\" is not a valid GitHub commit ID"}
{"level":"info","ts":1586939539.6906006,"logger":"fallback-logger","caller":"creds-init/main.go:40","msg":"Credentials initialized."}

Showing logs for build [32mmeta-cb-kubecd-environment-boot-j56st-18[0m stage [32mmeta-pipeline[0m and container [32mstep-working-dir-initializer-dqdtc[0m
{"level":"warn","ts":1586939540.6765451,"logger":"fallback-logger","caller":"logging/config.go:69","msg":"Fetch GitHub commit ID from kodata failed: open /var/run/ko/HEAD: no such file or directory"}
{"level":"info","ts":1586939540.6781893,"logger":"fallback-logger","caller":"bash/main.go:64","msg":"Successfully executed command \"sh -c mkdir -p /workspace/source\"; output "}

Showing logs for build [32mmeta-cb-kubecd-environment-boot-j56st-18[0m stage [32mmeta-pipeline[0m and container [32mstep-place-tools[0m

Showing logs for build [32mmeta-cb-kubecd-environment-boot-j56st-18[0m stage [32mmeta-pipeline[0m and container [32mstep-git-source-meta-cb-kubecd-environment-boot-j56st-78r7s[0m
{"level":"warn","ts":1586939545.7837725,"logger":"fallback-logger","caller":"logging/config.go:69","msg":"Fetch GitHub commit ID from kodata failed: \"ref: refs/heads/0.8.0-jx-support-backwards-incompats\" is not a valid GitHub commit ID"}
{"level":"info","ts":1586939546.846127,"logger":"fallback-logger","caller":"git/git.go:103","msg":"Successfully cloned https://github.com/cb-kubecd/environment-bootv3-staging.git @ e20f733bbc878e504863b370596b59bbb7193dc4 in path /workspace/source"}

Showing logs for build [32mmeta-cb-kubecd-environment-boot-j56st-18[0m stage [32mmeta-pipeline[0m and container [32mstep-git-merge[0m
Using SHAs from PULL_REFS=master:e20f733bbc878e504863b370596b59bbb7193dc4
WARNING: no SHAs to merge, falling back to initial cloned commit

Showing logs for build [32mmeta-cb-kubecd-environment-boot-j56st-18[0m stage [32mmeta-pipeline[0m and container [32mstep-merge-pull-refs[0m
SKIP merge-pull-refs: Nothing to merge

Showing logs for build [32mmeta-cb-kubecd-environment-boot-j56st-18[0m stage [32mmeta-pipeline[0m and container [32mstep-create-effective-pipeline[0m
Effective pipeline written to jenkins-x-effective.yml

Showing logs for build [32mmeta-cb-kubecd-environment-boot-j56st-18[0m stage [32mmeta-pipeline[0m and container [32mstep-create-tekton-crds[0m
running command: jx step next-version --use-git-tag-only --tag
created new version: 0.0.23 and written to file: ./VERSION
Updating chart version in Chart.yaml to 0.0.23
error: Have you set up a git credential helper? See https://help.github.com/articles/caching-your-github-password-in-git/
: git output: To https://github.com/cb-kubecd/environment-bootv3-staging.git
 ! [remote rejected] v0.0.23 -> v0.0.23 (cannot lock ref 'refs/tags/v0.0.23': reference already exists)
error: failed to push some refs to 'https://github.com/cb-kubecd/environment-bootv3-staging.git': failed to run 'git push origin v0.0.23' command in directory '', output: 'To https://github.com/cb-kubecd/environment-bootv3-staging.git
 ! [remote rejected] v0.0.23 -> v0.0.23 (cannot lock ref 'refs/tags/v0.0.23': reference already exists)
error: failed to push some refs to 'https://github.com/cb-kubecd/environment-bootv3-staging.git''
error: failed to set the version on release pipelines: failed to run '/bin/sh -c jx step next-version --use-git-tag-only --tag' command in directory '/workspace/source', output: ''
[31m
Pipeline failed on stage 'meta-pipeline' : container 'step-create-tekton-crds'. The execution of the pipeline has stopped.[0m
