
Showing logs for build [32mmeta-cb-kubecd-environment-boot-m5fn5-19[0m stage [32mmeta-pipeline[0m and container [32mstep-credential-initializer-kfmtl[0m
{"level":"warn","ts":1587137553.292879,"logger":"fallback-logger","caller":"logging/config.go:69","msg":"Fetch GitHub commit ID from kodata failed: \"ref: refs/heads/0.8.0-jx-support-backwards-incompats\" is not a valid GitHub commit ID"}
{"level":"info","ts":1587137553.2933364,"logger":"fallback-logger","caller":"creds-init/main.go:40","msg":"Credentials initialized."}

Showing logs for build [32mmeta-cb-kubecd-environment-boot-m5fn5-19[0m stage [32mmeta-pipeline[0m and container [32mstep-working-dir-initializer-qct88[0m
{"level":"warn","ts":1587137554.2829113,"logger":"fallback-logger","caller":"logging/config.go:69","msg":"Fetch GitHub commit ID from kodata failed: open /var/run/ko/HEAD: no such file or directory"}
{"level":"info","ts":1587137554.284053,"logger":"fallback-logger","caller":"bash/main.go:64","msg":"Successfully executed command \"sh -c mkdir -p /workspace/source\"; output "}

Showing logs for build [32mmeta-cb-kubecd-environment-boot-m5fn5-19[0m stage [32mmeta-pipeline[0m and container [32mstep-place-tools[0m

Showing logs for build [32mmeta-cb-kubecd-environment-boot-m5fn5-19[0m stage [32mmeta-pipeline[0m and container [32mstep-git-source-meta-cb-kubecd-environment-boot-m5fn5-45s2z[0m
{"level":"warn","ts":1587137560.369938,"logger":"fallback-logger","caller":"logging/config.go:69","msg":"Fetch GitHub commit ID from kodata failed: \"ref: refs/heads/0.8.0-jx-support-backwards-incompats\" is not a valid GitHub commit ID"}
{"level":"info","ts":1587137561.3883536,"logger":"fallback-logger","caller":"git/git.go:103","msg":"Successfully cloned https://github.com/cb-kubecd/environment-bootv3-staging.git @ 1feb63c50087acd9236e7669282ae1e2332c4fbe in path /workspace/source"}

Showing logs for build [32mmeta-cb-kubecd-environment-boot-m5fn5-19[0m stage [32mmeta-pipeline[0m and container [32mstep-git-merge[0m
Using SHAs from PULL_REFS=master:1feb63c50087acd9236e7669282ae1e2332c4fbe
WARNING: no SHAs to merge, falling back to initial cloned commit

Showing logs for build [32mmeta-cb-kubecd-environment-boot-m5fn5-19[0m stage [32mmeta-pipeline[0m and container [32mstep-merge-pull-refs[0m
SKIP merge-pull-refs: Nothing to merge

Showing logs for build [32mmeta-cb-kubecd-environment-boot-m5fn5-19[0m stage [32mmeta-pipeline[0m and container [32mstep-create-effective-pipeline[0m
Effective pipeline written to jenkins-x-effective.yml

Showing logs for build [32mmeta-cb-kubecd-environment-boot-m5fn5-19[0m stage [32mmeta-pipeline[0m and container [32mstep-create-tekton-crds[0m
running command: jx step next-version --use-git-tag-only --tag
created new version: 0.0.24 and written to file: ./VERSION
Updating chart version in Chart.yaml to 0.0.24
error: Have you set up a git credential helper? See https://help.github.com/articles/caching-your-github-password-in-git/
: git output: To https://github.com/cb-kubecd/environment-bootv3-staging.git
 ! [rejected]        v0.0.24 -> v0.0.24 (already exists)
error: failed to push some refs to 'https://github.com/cb-kubecd/environment-bootv3-staging.git'
hint: Updates were rejected because the tag already exists in the remote.: failed to run 'git push origin v0.0.24' command in directory '', output: 'To https://github.com/cb-kubecd/environment-bootv3-staging.git
 ! [rejected]        v0.0.24 -> v0.0.24 (already exists)
error: failed to push some refs to 'https://github.com/cb-kubecd/environment-bootv3-staging.git'
hint: Updates were rejected because the tag already exists in the remote.'
error: failed to set the version on release pipelines: failed to run '/bin/sh -c jx step next-version --use-git-tag-only --tag' command in directory '/workspace/source', output: ''
[31m
Pipeline failed on stage 'meta-pipeline' : container 'step-create-tekton-crds'. The execution of the pipeline has stopped.[0m
