
Showing logs for build [32mmeta-cb-kubecd-environment-boot-hmj7t-5[0m stage [32mmeta-pipeline[0m and container [32mstep-credential-initializer-9xbbg[0m
{"level":"warn","ts":1586409916.5350099,"logger":"fallback-logger","caller":"logging/config.go:69","msg":"Fetch GitHub commit ID from kodata failed: \"ref: refs/heads/0.8.0-**-support-backwards-incompats\" is not a valid GitHub commit ID"}
{"level":"info","ts":1586409916.5354092,"logger":"fallback-logger","caller":"creds-init/main.go:40","msg":"Credentials initialized."}

Showing logs for build [32mmeta-cb-kubecd-environment-boot-hmj7t-5[0m stage [32mmeta-pipeline[0m and container [32mstep-working-dir-initializer-56pdn[0m
{"level":"warn","ts":1586409917.0732243,"logger":"fallback-logger","caller":"logging/config.go:69","msg":"Fetch GitHub commit ID from kodata failed: open /var/run/ko/HEAD: no such file or directory"}
{"level":"info","ts":1586409917.0743642,"logger":"fallback-logger","caller":"bash/main.go:64","msg":"Successfully executed command \"sh -c mkdir -p /workspace/source\"; output "}

Showing logs for build [32mmeta-cb-kubecd-environment-boot-hmj7t-5[0m stage [32mmeta-pipeline[0m and container [32mstep-place-tools[0m

Showing logs for build [32mmeta-cb-kubecd-environment-boot-hmj7t-5[0m stage [32mmeta-pipeline[0m and container [32mstep-git-source-meta-cb-kubecd-environment-boot-hmj7t-pflhg[0m
{"level":"warn","ts":1586409923.1521063,"logger":"fallback-logger","caller":"logging/config.go:69","msg":"Fetch GitHub commit ID from kodata failed: \"ref: refs/heads/0.8.0-**-support-backwards-incompats\" is not a valid GitHub commit ID"}
{"level":"info","ts":1586409924.1782603,"logger":"fallback-logger","caller":"git/git.go:103","msg":"Successfully cloned https://github.com/cb-kubecd/environment-bootv3-staging.git @ 36399bd38becc649a00790c757cc66a729d03048 in path /workspace/source"}

Showing logs for build [32mmeta-cb-kubecd-environment-boot-hmj7t-5[0m stage [32mmeta-pipeline[0m and container [32mstep-git-merge[0m
Using SHAs from PULL_REFS=master:36399bd38becc649a00790c757cc66a729d03048
WARNING: no SHAs to merge, falling back to initial cloned commit

Showing logs for build [32mmeta-cb-kubecd-environment-boot-hmj7t-5[0m stage [32mmeta-pipeline[0m and container [32mstep-merge-pull-refs[0m
SKIP merge-pull-refs: Nothing to merge

Showing logs for build [32mmeta-cb-kubecd-environment-boot-hmj7t-5[0m stage [32mmeta-pipeline[0m and container [32mstep-create-effective-pipeline[0m
Effective pipeline written to jenkins-x-effective.yml

Showing logs for build [32mmeta-cb-kubecd-environment-boot-hmj7t-5[0m stage [32mmeta-pipeline[0m and container [32mstep-create-tekton-crds[0m
running command: ** step next-version --use-git-tag-only --tag
created new version: 0.0.6 and written to file: ./VERSION
error: Have you set up a git credential helper? See https://help.github.com/articles/caching-your-github-password-in-git/
: git output: To https://github.com/cb-kubecd/environment-bootv3-staging.git
 ! [remote rejected] v0.0.6 -> v0.0.6 (cannot lock ref 'refs/tags/v0.0.6': reference already exists)
error: failed to push some refs to 'https://github.com/cb-kubecd/environment-bootv3-staging.git': failed to run 'git push origin v0.0.6' command in directory '', output: 'To https://github.com/cb-kubecd/environment-bootv3-staging.git
 ! [remote rejected] v0.0.6 -> v0.0.6 (cannot lock ref 'refs/tags/v0.0.6': reference already exists)
error: failed to push some refs to 'https://github.com/cb-kubecd/environment-bootv3-staging.git''
error: failed to set the version on release pipelines: failed to run '/bin/sh -c ** step next-version --use-git-tag-only --tag' command in directory '/workspace/source', output: ''
[31m
Pipeline failed on stage 'meta-pipeline' : container 'step-create-tekton-crds'. The execution of the pipeline has stopped.[0m
