
Showing logs for build [32mcb-kubecd-environment-bootv3-st-gs476-1[0m stage [32mpr-checks[0m and container [32mstep-credential-initializer-l48kn[0m
{"level":"warn","ts":1586851226.573282,"logger":"fallback-logger","caller":"logging/config.go:69","msg":"Fetch GitHub commit ID from kodata failed: \"ref: refs/heads/0.8.0-jx-support-backwards-incompats\" is not a valid GitHub commit ID"}
{"level":"info","ts":1586851226.5738165,"logger":"fallback-logger","caller":"creds-init/main.go:40","msg":"Credentials initialized."}

Showing logs for build [32mcb-kubecd-environment-bootv3-st-gs476-1[0m stage [32mpr-checks[0m and container [32mstep-working-dir-initializer-9k2lx[0m
{"level":"warn","ts":1586851227.8480306,"logger":"fallback-logger","caller":"logging/config.go:69","msg":"Fetch GitHub commit ID from kodata failed: open /var/run/ko/HEAD: no such file or directory"}
{"level":"info","ts":1586851227.8493679,"logger":"fallback-logger","caller":"bash/main.go:64","msg":"Successfully executed command \"sh -c mkdir -p /workspace/source\"; output "}

Showing logs for build [32mcb-kubecd-environment-bootv3-st-gs476-1[0m stage [32mpr-checks[0m and container [32mstep-place-tools[0m

Showing logs for build [32mcb-kubecd-environment-bootv3-st-gs476-1[0m stage [32mpr-checks[0m and container [32mstep-git-source-cb-kubecd-environment-bootv3-st-gs476-4mv4r[0m
{"level":"warn","ts":1586851234.0162587,"logger":"fallback-logger","caller":"logging/config.go:69","msg":"Fetch GitHub commit ID from kodata failed: \"ref: refs/heads/0.8.0-jx-support-backwards-incompats\" is not a valid GitHub commit ID"}
{"level":"info","ts":1586851235.0779312,"logger":"fallback-logger","caller":"git/git.go:103","msg":"Successfully cloned https://github.com/cb-kubecd/environment-bootv3-staging.git @ master in path /workspace/source"}

Showing logs for build [32mcb-kubecd-environment-bootv3-st-gs476-1[0m stage [32mpr-checks[0m and container [32mstep-git-merge[0m
Using SHAs from PULL_REFS=master:a2ec1238e48b561e1c3caa452634bd2b6d1151cf,10:1fca3206a3a707d91ca00fdf9affec67f64d8bac
DEBUG: JX_LOG_LEVEL=error LC_ALL=C git fetch origin --unshallow 1fca3206a3a707d91ca00fdf9affec67f64d8bac: a2ec1238e48b561e1c3caa452634bd2b6d1151cf:
DEBUG: ran git fetch --unshallow origin 1fca3206a3a707d91ca00fdf9affec67f64d8bac: a2ec1238e48b561e1c3caa452634bd2b6d1151cf: in 
DEBUG: LC_ALL=C JX_LOG_LEVEL=error git branch
DEBUG: LC_ALL=C JX_LOG_LEVEL=error git checkout master
DEBUG: ran git checkout master in 
DEBUG: LC_ALL=C JX_LOG_LEVEL=error git reset --hard a2ec1238e48b561e1c3caa452634bd2b6d1151cf
DEBUG: ran git reset --hard a2ec1238e48b561e1c3caa452634bd2b6d1151cf in 
DEBUG: LC_ALL=C JX_LOG_LEVEL=error git clean -fd .
DEBUG: ran clean --force -d . in 
DEBUG: LC_ALL=C JX_LOG_LEVEL=error git merge 1fca3206a3a707d91ca00fdf9affec67f64d8bac
DEBUG: ran git merge 1fca3206a3a707d91ca00fdf9affec67f64d8bac in 
DEBUG: LC_ALL=C JX_LOG_LEVEL=error git log --format=%H%x1f%an%x1f%ae%x1f%cn%x1f%ce%x1f%s%n%b%x1e a2ec1238e48b561e1c3caa452634bd2b6d1151cf..HEAD
Merged SHA 1fca3206a3a707d91ca00fdf9affec67f64d8bac with commit message 'chore: Promote v2-nodey3 to version 0.0.7' into base branch master

Showing logs for build [32mcb-kubecd-environment-bootv3-st-gs476-1[0m stage [32mpr-checks[0m and container [32mstep-verify-secrets[0m
created directory /secrets/jx-boot
saved vault cert file to /tmp/991285640/vault-ca.crt
loaded Secrets from: Vault Secret Manager for vault vault at https://vault:8200
exported Secrets to file: /secrets/jx-boot/secrets.yaml

Showing logs for build [32mcb-kubecd-environment-bootv3-st-gs476-1[0m stage [32mpr-checks[0m and container [32mstep-create-helmfile[0m

Showing logs for build [32mcb-kubecd-environment-bootv3-st-gs476-1[0m stage [32mpr-checks[0m and container [32mstep-lint-helmfile-system[0m
Adding repo dev http://chartmuseum-jx.35.205.96.40.nip.io
"dev" has been added to your repositories

Adding repo stable https://kubernetes-charts.storage.googleapis.com
"stable" has been added to your repositories

Updating repo
Hang tight while we grab the latest from your chart repositories...
...Successfully got an update from the "dev" chart repository
...Successfully got an update from the "stable" chart repository
Update Complete. âˆ Happy Helming!âˆ 

Fetching stable/nginx-ingress
Linting release=nginx-ingress, chart=/tmp/732259882/nginx-ingress/1.34.2/stable/nginx-ingress/nginx-ingress
==> Linting /tmp/732259882/nginx-ingress/1.34.2/stable/nginx-ingress/nginx-ingress

1 chart(s) linted, 0 chart(s) failed


Showing logs for build [32mcb-kubecd-environment-bootv3-st-gs476-1[0m stage [32mpr-checks[0m and container [32mstep-lint-helmfile-apps[0m
Adding repo dev http://chartmuseum-jx.35.205.96.40.nip.io
"dev" has been added to your repositories

Adding repo jenkins-x https://storage.googleapis.com/chartmuseum.jenkins-x.io
"jenkins-x" has been added to your repositories

Adding repo jenkins-x http://chartmuseum.jenkins-x.io
"jenkins-x" has been added to your repositories

Updating repo
Hang tight while we grab the latest from your chart repositories...
...Successfully got an update from the "dev" chart repository
...Successfully got an update from the "jenkins-x" chart repository
...Successfully got an update from the "stable" chart repository
Update Complete. âˆ Happy Helming!âˆ 

Fetching jenkins-x/jxboot-helmfile-resources
Fetching jenkins-x/lighthouse
Fetching dev/v2-nodey
Fetching dev/v2-nodey3
Fetching jenkins-x/tekton
Linting release=jxboot-helmfile-resources, chart=/tmp/600642871/jxboot-helmfile-resources/0.0.127/jenkins-x/jxboot-helmfile-resources/jxboot-helmfile-resources
==> Linting /tmp/600642871/jxboot-helmfile-resources/0.0.127/jenkins-x/jxboot-helmfile-resources/jxboot-helmfile-resources

1 chart(s) linted, 0 chart(s) failed

Linting release=lighthouse, chart=/tmp/600642871/lighthouse/0.0.493/jenkins-x/lighthouse/lighthouse
==> Linting /tmp/600642871/lighthouse/0.0.493/jenkins-x/lighthouse/lighthouse

1 chart(s) linted, 0 chart(s) failed

Linting release=tekton, chart=/tmp/600642871/tekton/0.0.51/jenkins-x/tekton/tekton
==> Linting /tmp/600642871/tekton/0.0.51/jenkins-x/tekton/tekton

1 chart(s) linted, 0 chart(s) failed

Linting release=v2-nodey, chart=/tmp/600642871/v2-nodey/0.0.8/dev/v2-nodey/v2-nodey
==> Linting /tmp/600642871/v2-nodey/0.0.8/dev/v2-nodey/v2-nodey

1 chart(s) linted, 0 chart(s) failed

Linting release=v2-nodey3, chart=/tmp/600642871/v2-nodey3/0.0.7/dev/v2-nodey3/v2-nodey3
==> Linting /tmp/600642871/v2-nodey3/0.0.7/dev/v2-nodey3/v2-nodey3

1 chart(s) linted, 0 chart(s) failed

