
Showing logs for build [32mcb-kubecd-environment-bootv3-st-jh5g8-1[0m stage [32mpr-checks[0m and container [32mstep-credential-initializer-wp4jx[0m
{"level":"warn","ts":1586857793.8060951,"logger":"fallback-logger","caller":"logging/config.go:69","msg":"Fetch GitHub commit ID from kodata failed: \"ref: refs/heads/0.8.0-jx-support-backwards-incompats\" is not a valid GitHub commit ID"}
{"level":"info","ts":1586857793.8065321,"logger":"fallback-logger","caller":"creds-init/main.go:40","msg":"Credentials initialized."}

Showing logs for build [32mcb-kubecd-environment-bootv3-st-jh5g8-1[0m stage [32mpr-checks[0m and container [32mstep-working-dir-initializer-jgwlr[0m
{"level":"warn","ts":1586857794.8330348,"logger":"fallback-logger","caller":"logging/config.go:69","msg":"Fetch GitHub commit ID from kodata failed: open /var/run/ko/HEAD: no such file or directory"}
{"level":"info","ts":1586857794.834375,"logger":"fallback-logger","caller":"bash/main.go:64","msg":"Successfully executed command \"sh -c mkdir -p /workspace/source\"; output "}

Showing logs for build [32mcb-kubecd-environment-bootv3-st-jh5g8-1[0m stage [32mpr-checks[0m and container [32mstep-place-tools[0m

Showing logs for build [32mcb-kubecd-environment-bootv3-st-jh5g8-1[0m stage [32mpr-checks[0m and container [32mstep-git-source-cb-kubecd-environment-bootv3-st-jh5g8-5bws8[0m
{"level":"warn","ts":1586857800.919987,"logger":"fallback-logger","caller":"logging/config.go:69","msg":"Fetch GitHub commit ID from kodata failed: \"ref: refs/heads/0.8.0-jx-support-backwards-incompats\" is not a valid GitHub commit ID"}
{"level":"info","ts":1586857802.0212579,"logger":"fallback-logger","caller":"git/git.go:103","msg":"Successfully cloned https://github.com/cb-kubecd/environment-bootv3-staging.git @ master in path /workspace/source"}

Showing logs for build [32mcb-kubecd-environment-bootv3-st-jh5g8-1[0m stage [32mpr-checks[0m and container [32mstep-git-merge[0m
Using SHAs from PULL_REFS=master:8cc93624204bef8dd0f0807f5e6a03bcf870d71f,11:e73e1df37047c6735d9e8e62059afbd0d5fffd0b
DEBUG: LC_ALL=C JX_LOG_LEVEL=error git fetch origin --unshallow e73e1df37047c6735d9e8e62059afbd0d5fffd0b: 8cc93624204bef8dd0f0807f5e6a03bcf870d71f:
DEBUG: ran git fetch --unshallow origin e73e1df37047c6735d9e8e62059afbd0d5fffd0b: 8cc93624204bef8dd0f0807f5e6a03bcf870d71f: in 
DEBUG: LC_ALL=C JX_LOG_LEVEL=error git branch
DEBUG: LC_ALL=C JX_LOG_LEVEL=error git checkout master
DEBUG: ran git checkout master in 
DEBUG: LC_ALL=C JX_LOG_LEVEL=error git reset --hard 8cc93624204bef8dd0f0807f5e6a03bcf870d71f
DEBUG: ran git reset --hard 8cc93624204bef8dd0f0807f5e6a03bcf870d71f in 
DEBUG: LC_ALL=C JX_LOG_LEVEL=error git clean -fd .
DEBUG: ran clean --force -d . in 
DEBUG: LC_ALL=C JX_LOG_LEVEL=error git merge e73e1df37047c6735d9e8e62059afbd0d5fffd0b
DEBUG: ran git merge e73e1df37047c6735d9e8e62059afbd0d5fffd0b in 
DEBUG: LC_ALL=C JX_LOG_LEVEL=error git log --format=%H%x1f%an%x1f%ae%x1f%cn%x1f%ce%x1f%s%n%b%x1e 8cc93624204bef8dd0f0807f5e6a03bcf870d71f..HEAD
Merged SHA e73e1df37047c6735d9e8e62059afbd0d5fffd0b with commit message 'chore: Promote v2-nodey3 to version 0.0.8' into base branch master

Showing logs for build [32mcb-kubecd-environment-bootv3-st-jh5g8-1[0m stage [32mpr-checks[0m and container [32mstep-verify-secrets[0m
created directory /secrets/jx-boot
saved vault cert file to /tmp/906501574/vault-ca.crt
loaded Secrets from: Vault Secret Manager for vault vault at https://vault:8200
exported Secrets to file: /secrets/jx-boot/secrets.yaml

Showing logs for build [32mcb-kubecd-environment-bootv3-st-jh5g8-1[0m stage [32mpr-checks[0m and container [32mstep-create-helmfile[0m

Showing logs for build [32mcb-kubecd-environment-bootv3-st-jh5g8-1[0m stage [32mpr-checks[0m and container [32mstep-lint-helmfile-system[0m
Adding repo dev http://chartmuseum-jx.35.205.96.40.nip.io
"dev" has been added to your repositories

Adding repo stable https://kubernetes-charts.storage.googleapis.com
"stable" has been added to your repositories

Updating repo
Hang tight while we grab the latest from your chart repositories...
...Successfully got an update from the "dev" chart repository
...Successfully got an update from the "stable" chart repository
Update Complete. âˆ Happy Helming!âˆ 

Fetching stable/nginx-ingress
Linting release=nginx-ingress, chart=/tmp/141321080/nginx-ingress/1.34.2/stable/nginx-ingress/nginx-ingress
==> Linting /tmp/141321080/nginx-ingress/1.34.2/stable/nginx-ingress/nginx-ingress

1 chart(s) linted, 0 chart(s) failed


Showing logs for build [32mcb-kubecd-environment-bootv3-st-jh5g8-1[0m stage [32mpr-checks[0m and container [32mstep-lint-helmfile-apps[0m
Adding repo dev http://chartmuseum-jx.35.205.96.40.nip.io
"dev" has been added to your repositories

Adding repo jenkins-x https://storage.googleapis.com/chartmuseum.jenkins-x.io
"jenkins-x" has been added to your repositories

Adding repo jenkins-x http://chartmuseum.jenkins-x.io
"jenkins-x" has been added to your repositories

Updating repo
Hang tight while we grab the latest from your chart repositories...
...Successfully got an update from the "dev" chart repository
...Successfully got an update from the "jenkins-x" chart repository
...Successfully got an update from the "stable" chart repository
Update Complete. âˆ Happy Helming!âˆ 

Fetching jenkins-x/jxboot-helmfile-resources
Fetching jenkins-x/tekton
Fetching dev/v2-nodey
Fetching jenkins-x/lighthouse
Fetching dev/v2-nodey3
Linting release=jxboot-helmfile-resources, chart=/tmp/256366722/jxboot-helmfile-resources/0.0.127/jenkins-x/jxboot-helmfile-resources/jxboot-helmfile-resources
==> Linting /tmp/256366722/jxboot-helmfile-resources/0.0.127/jenkins-x/jxboot-helmfile-resources/jxboot-helmfile-resources

1 chart(s) linted, 0 chart(s) failed

Linting release=lighthouse, chart=/tmp/256366722/lighthouse/0.0.493/jenkins-x/lighthouse/lighthouse
==> Linting /tmp/256366722/lighthouse/0.0.493/jenkins-x/lighthouse/lighthouse

1 chart(s) linted, 0 chart(s) failed

Linting release=tekton, chart=/tmp/256366722/tekton/0.0.51/jenkins-x/tekton/tekton
==> Linting /tmp/256366722/tekton/0.0.51/jenkins-x/tekton/tekton

1 chart(s) linted, 0 chart(s) failed

Linting release=v2-nodey, chart=/tmp/256366722/v2-nodey/0.0.8/dev/v2-nodey/v2-nodey
==> Linting /tmp/256366722/v2-nodey/0.0.8/dev/v2-nodey/v2-nodey

1 chart(s) linted, 0 chart(s) failed

Linting release=v2-nodey3, chart=/tmp/256366722/v2-nodey3/0.0.8/dev/v2-nodey3/v2-nodey3
==> Linting /tmp/256366722/v2-nodey3/0.0.8/dev/v2-nodey3/v2-nodey3

1 chart(s) linted, 0 chart(s) failed

